<?xml version="1.0" encoding="UTF-8"?>
<!-- Generated by org.testng.reporters.JUnitReportReporter -->
<testsuite name="packagetest.sample2" tests="1" time="0.015" ignored="0" failures="0" timestamp="04 Jul 2017 02:19:19 GMT" skipped="0" hostname="sandy-PC" errors="0">
  <testcase name="ran" time="0.015" classname="packagetest.sample2"/>
</testsuite> <!-- packagetest.sample2 -->
